<?xml version="1.0" encoding="UTF-8"?>
<testsuite xmlns:xsi="http://www.w3.org/2001/XMLSchema-instance" xsi:noNamespaceSchemaLocation="https://maven.apache.org/surefire/maven-surefire-plugin/xsd/surefire-test-report.xsd" name="cn.itcast.hotel.HotelDemoApplicationTests" time="5.848" tests="1" errors="0" skipped="0" failures="0">
  <properties>
    <property name="sun.desktop" value="windows"/>
    <property name="awt.toolkit" value="sun.awt.windows.WToolkit"/>
    <property name="file.encoding.pkg" value="sun.io"/>
    <property name="java.specification.version" value="1.8"/>
    <property name="sun.cpu.isalist" value="amd64"/>
    <property name="sun.jnu.encoding" value="GBK"/>
    <property name="java.class.path" value="D:\code\hotel-demo\target\test-classes;D:\code\hotel-demo\target\classes;D:\apache-maven-3.6.0\reqacooly\org\telegram\telegrambots-meta\5.1.0\telegrambots-meta-5.1.0.jar;D:\apache-maven-3.6.0\reqacooly\com\fasterxml\jackson\core\jackson-databind\2.11.4\jackson-databind-2.11.4.jar;D:\apache-maven-3.6.0\reqacooly\com\fasterxml\jackson\core\jackson-annotations\2.11.4\jackson-annotations-2.11.4.jar;D:\apache-maven-3.6.0\reqacooly\com\google\guava\guava\30.0-jre\guava-30.0-jre.jar;D:\apache-maven-3.6.0\reqacooly\com\google\guava\failureaccess\1.0.1\failureaccess-1.0.1.jar;D:\apache-maven-3.6.0\reqacooly\com\google\guava\listenablefuture\9999.0-empty-to-avoid-conflict-with-guava\listenablefuture-9999.0-empty-to-avoid-conflict-with-guava.jar;D:\apache-maven-3.6.0\reqacooly\com\google\code\findbugs\jsr305\3.0.2\jsr305-3.0.2.jar;D:\apache-maven-3.6.0\reqacooly\org\checkerframework\checker-qual\3.5.0\checker-qual-3.5.0.jar;D:\apache-maven-3.6.0\reqacooly\com\google\errorprone\error_prone_annotations\2.3.4\error_prone_annotations-2.3.4.jar;D:\apache-maven-3.6.0\reqacooly\com\google\j2objc\j2objc-annotations\1.3\j2objc-annotations-1.3.jar;D:\apache-maven-3.6.0\reqacooly\org\slf4j\slf4j-api\1.7.30\slf4j-api-1.7.30.jar;D:\apache-maven-3.6.0\reqacooly\org\telegram\telegrambots\6.8.0\telegrambots-6.8.0.jar;D:\apache-maven-3.6.0\reqacooly\com\fasterxml\jackson\jaxrs\jackson-jaxrs-json-provider\2.11.4\jackson-jaxrs-json-provider-2.11.4.jar;D:\apache-maven-3.6.0\reqacooly\com\fasterxml\jackson\jaxrs\jackson-jaxrs-base\2.11.4\jackson-jaxrs-base-2.11.4.jar;D:\apache-maven-3.6.0\reqacooly\com\fasterxml\jackson\module\jackson-module-jaxb-annotations\2.11.4\jackson-module-jaxb-annotations-2.11.4.jar;D:\apache-maven-3.6.0\reqacooly\org\glassfish\jersey\inject\jersey-hk2\2.30.1\jersey-hk2-2.30.1.jar;D:\apache-maven-3.6.0\reqacooly\org\glassfish\jersey\core\jersey-common\2.30.1\jersey-common-2.30.1.jar;D:\apache-maven-3.6.0\reqacooly\org\glassfish\hk2\osgi-resource-locator\1.0.3\osgi-resource-locator-1.0.3.jar;D:\apache-maven-3.6.0\reqacooly\org\glassfish\hk2\hk2-locator\2.6.1\hk2-locator-2.6.1.jar;D:\apache-maven-3.6.0\reqacooly\org\glassfish\hk2\external\aopalliance-repackaged\2.6.1\aopalliance-repackaged-2.6.1.jar;D:\apache-maven-3.6.0\reqacooly\org\glassfish\hk2\hk2-api\2.6.1\hk2-api-2.6.1.jar;D:\apache-maven-3.6.0\reqacooly\org\glassfish\hk2\hk2-utils\2.6.1\hk2-utils-2.6.1.jar;D:\apache-maven-3.6.0\reqacooly\org\javassist\javassist\3.25.0-GA\javassist-3.25.0-GA.jar;D:\apache-maven-3.6.0\reqacooly\org\glassfish\jersey\media\jersey-media-json-jackson\2.30.1\jersey-media-json-jackson-2.30.1.jar;D:\apache-maven-3.6.0\reqacooly\org\glassfish\jersey\ext\jersey-entity-filtering\2.30.1\jersey-entity-filtering-2.30.1.jar;D:\apache-maven-3.6.0\reqacooly\org\glassfish\jersey\containers\jersey-container-grizzly2-http\2.30.1\jersey-container-grizzly2-http-2.30.1.jar;D:\apache-maven-3.6.0\reqacooly\org\glassfish\hk2\external\jakarta.inject\2.6.1\jakarta.inject-2.6.1.jar;D:\apache-maven-3.6.0\reqacooly\org\glassfish\grizzly\grizzly-http-server\2.4.4\grizzly-http-server-2.4.4.jar;D:\apache-maven-3.6.0\reqacooly\org\glassfish\grizzly\grizzly-http\2.4.4\grizzly-http-2.4.4.jar;D:\apache-maven-3.6.0\reqacooly\org\glassfish\grizzly\grizzly-framework\2.4.4\grizzly-framework-2.4.4.jar;D:\apache-maven-3.6.0\reqacooly\jakarta\ws\rs\jakarta.ws.rs-api\2.1.6\jakarta.ws.rs-api-2.1.6.jar;D:\apache-maven-3.6.0\reqacooly\org\glassfish\jersey\core\jersey-server\2.30.1\jersey-server-2.30.1.jar;D:\apache-maven-3.6.0\reqacooly\org\glassfish\jersey\core\jersey-client\2.30.1\jersey-client-2.30.1.jar;D:\apache-maven-3.6.0\reqacooly\org\glassfish\jersey\media\jersey-media-jaxb\2.30.1\jersey-media-jaxb-2.30.1.jar;D:\apache-maven-3.6.0\reqacooly\jakarta\annotation\jakarta.annotation-api\1.3.5\jakarta.annotation-api-1.3.5.jar;D:\apache-maven-3.6.0\reqacooly\jakarta\validation\jakarta.validation-api\2.0.2\jakarta.validation-api-2.0.2.jar;D:\apache-maven-3.6.0\reqacooly\org\apache\httpcomponents\httpmime\4.5.13\httpmime-4.5.13.jar;D:\apache-maven-3.6.0\reqacooly\com\google\code\gson\gson\2.8.6\gson-2.8.6.jar;D:\apache-maven-3.6.0\reqacooly\org\apache\httpcomponents\httpclient\4.5.13\httpclient-4.5.13.jar;D:\apache-maven-3.6.0\reqacooly\org\apache\httpcomponents\httpcore\4.4.14\httpcore-4.4.14.jar;D:\apache-maven-3.6.0\reqacooly\commons-codec\commons-codec\1.14\commons-codec-1.14.jar;D:\apache-maven-3.6.0\reqacooly\org\apache\poi\poi-ooxml\5.2.4\poi-ooxml-5.2.4.jar;D:\apache-maven-3.6.0\reqacooly\org\apache\poi\poi\5.2.4\poi-5.2.4.jar;D:\apache-maven-3.6.0\reqacooly\org\apache\commons\commons-math3\3.6.1\commons-math3-3.6.1.jar;D:\apache-maven-3.6.0\reqacooly\com\zaxxer\SparseBitSet\1.3\SparseBitSet-1.3.jar;D:\apache-maven-3.6.0\reqacooly\org\apache\poi\poi-ooxml-lite\5.2.4\poi-ooxml-lite-5.2.4.jar;D:\apache-maven-3.6.0\reqacooly\org\apache\xmlbeans\xmlbeans\5.1.1\xmlbeans-5.1.1.jar;D:\apache-maven-3.6.0\reqacooly\xml-apis\xml-apis\1.4.01\xml-apis-1.4.01.jar;D:\apache-maven-3.6.0\reqacooly\org\apache\commons\commons-compress\1.24.0\commons-compress-1.24.0.jar;D:\apache-maven-3.6.0\reqacooly\com\github\virtuald\curvesapi\1.08\curvesapi-1.08.jar;D:\apache-maven-3.6.0\reqacooly\org\apache\logging\log4j\log4j-api\2.13.3\log4j-api-2.13.3.jar;D:\apache-maven-3.6.0\reqacooly\org\apache\commons\commons-collections4\4.4\commons-collections4-4.4.jar;D:\apache-maven-3.6.0\reqacooly\org\json\json\20210307\json-20210307.jar;D:\apache-maven-3.6.0\reqacooly\org\elasticsearch\client\elasticsearch-rest-high-level-client\7.12.1\elasticsearch-rest-high-level-client-7.12.1.jar;D:\apache-maven-3.6.0\reqacooly\org\elasticsearch\elasticsearch\7.12.1\elasticsearch-7.12.1.jar;D:\apache-maven-3.6.0\reqacooly\org\elasticsearch\elasticsearch-core\7.12.1\elasticsearch-core-7.12.1.jar;D:\apache-maven-3.6.0\reqacooly\org\elasticsearch\elasticsearch-secure-sm\7.12.1\elasticsearch-secure-sm-7.12.1.jar;D:\apache-maven-3.6.0\reqacooly\org\elasticsearch\elasticsearch-x-content\7.12.1\elasticsearch-x-content-7.12.1.jar;D:\apache-maven-3.6.0\reqacooly\com\fasterxml\jackson\dataformat\jackson-dataformat-smile\2.11.4\jackson-dataformat-smile-2.11.4.jar;D:\apache-maven-3.6.0\reqacooly\com\fasterxml\jackson\dataformat\jackson-dataformat-yaml\2.11.4\jackson-dataformat-yaml-2.11.4.jar;D:\apache-maven-3.6.0\reqacooly\com\fasterxml\jackson\dataformat\jackson-dataformat-cbor\2.11.4\jackson-dataformat-cbor-2.11.4.jar;D:\apache-maven-3.6.0\reqacooly\org\elasticsearch\elasticsearch-geo\7.12.1\elasticsearch-geo-7.12.1.jar;D:\apache-maven-3.6.0\reqacooly\org\apache\lucene\lucene-core\8.8.0\lucene-core-8.8.0.jar;D:\apache-maven-3.6.0\reqacooly\org\apache\lucene\lucene-analyzers-common\8.8.0\lucene-analyzers-common-8.8.0.jar;D:\apache-maven-3.6.0\reqacooly\org\apache\lucene\lucene-backward-codecs\8.8.0\lucene-backward-codecs-8.8.0.jar;D:\apache-maven-3.6.0\reqacooly\org\apache\lucene\lucene-grouping\8.8.0\lucene-grouping-8.8.0.jar;D:\apache-maven-3.6.0\reqacooly\org\apache\lucene\lucene-highlighter\8.8.0\lucene-highlighter-8.8.0.jar;D:\apache-maven-3.6.0\reqacooly\org\apache\lucene\lucene-join\8.8.0\lucene-join-8.8.0.jar;D:\apache-maven-3.6.0\reqacooly\org\apache\lucene\lucene-memory\8.8.0\lucene-memory-8.8.0.jar;D:\apache-maven-3.6.0\reqacooly\org\apache\lucene\lucene-misc\8.8.0\lucene-misc-8.8.0.jar;D:\apache-maven-3.6.0\reqacooly\org\apache\lucene\lucene-queries\8.8.0\lucene-queries-8.8.0.jar;D:\apache-maven-3.6.0\reqacooly\org\apache\lucene\lucene-queryparser\8.8.0\lucene-queryparser-8.8.0.jar;D:\apache-maven-3.6.0\reqacooly\org\apache\lucene\lucene-sandbox\8.8.0\lucene-sandbox-8.8.0.jar;D:\apache-maven-3.6.0\reqacooly\org\apache\lucene\lucene-spatial-extras\8.8.0\lucene-spatial-extras-8.8.0.jar;D:\apache-maven-3.6.0\reqacooly\org\apache\lucene\lucene-spatial3d\8.8.0\lucene-spatial3d-8.8.0.jar;D:\apache-maven-3.6.0\reqacooly\org\apache\lucene\lucene-suggest\8.8.0\lucene-suggest-8.8.0.jar;D:\apache-maven-3.6.0\reqacooly\org\elasticsearch\elasticsearch-cli\7.12.1\elasticsearch-cli-7.12.1.jar;D:\apache-maven-3.6.0\reqacooly\net\sf\jopt-simple\jopt-simple\5.0.2\jopt-simple-5.0.2.jar;D:\apache-maven-3.6.0\reqacooly\com\carrotsearch\hppc\0.8.1\hppc-0.8.1.jar;D:\apache-maven-3.6.0\reqacooly\joda-time\joda-time\2.10.4\joda-time-2.10.4.jar;D:\apache-maven-3.6.0\reqacooly\com\tdunning\t-digest\3.2\t-digest-3.2.jar;D:\apache-maven-3.6.0\reqacooly\org\hdrhistogram\HdrHistogram\2.1.9\HdrHistogram-2.1.9.jar;D:\apache-maven-3.6.0\reqacooly\org\elasticsearch\jna\5.7.0-1\jna-5.7.0-1.jar;D:\apache-maven-3.6.0\reqacooly\org\elasticsearch\elasticsearch-plugin-classloader\7.12.1\elasticsearch-plugin-classloader-7.12.1.jar;D:\apache-maven-3.6.0\reqacooly\org\elasticsearch\client\elasticsearch-rest-client\7.12.1\elasticsearch-rest-client-7.12.1.jar;D:\apache-maven-3.6.0\reqacooly\org\apache\httpcomponents\httpasyncclient\4.1.4\httpasyncclient-4.1.4.jar;D:\apache-maven-3.6.0\reqacooly\org\apache\httpcomponents\httpcore-nio\4.4.14\httpcore-nio-4.4.14.jar;D:\apache-maven-3.6.0\reqacooly\org\elasticsearch\plugin\mapper-extras-client\7.12.1\mapper-extras-client-7.12.1.jar;D:\apache-maven-3.6.0\reqacooly\org\elasticsearch\plugin\parent-join-client\7.12.1\parent-join-client-7.12.1.jar;D:\apache-maven-3.6.0\reqacooly\org\elasticsearch\plugin\aggs-matrix-stats-client\7.12.1\aggs-matrix-stats-client-7.12.1.jar;D:\apache-maven-3.6.0\reqacooly\org\elasticsearch\plugin\rank-eval-client\7.12.1\rank-eval-client-7.12.1.jar;D:\apache-maven-3.6.0\reqacooly\org\elasticsearch\plugin\lang-mustache-client\7.12.1\lang-mustache-client-7.12.1.jar;D:\apache-maven-3.6.0\reqacooly\com\github\spullara\mustache\java\compiler\0.9.6\compiler-0.9.6.jar;D:\apache-maven-3.6.0\reqacooly\org\springframework\boot\spring-boot-starter-data-redis\2.3.9.RELEASE\spring-boot-starter-data-redis-2.3.9.RELEASE.jar;D:\apache-maven-3.6.0\reqacooly\org\springframework\boot\spring-boot-starter\2.3.9.RELEASE\spring-boot-starter-2.3.9.RELEASE.jar;D:\apache-maven-3.6.0\reqacooly\org\springframework\boot\spring-boot\2.3.9.RELEASE\spring-boot-2.3.9.RELEASE.jar;D:\apache-maven-3.6.0\reqacooly\org\springframework\boot\spring-boot-starter-logging\2.3.9.RELEASE\spring-boot-starter-logging-2.3.9.RELEASE.jar;D:\apache-maven-3.6.0\reqacooly\ch\qos\logback\logback-classic\1.2.3\logback-classic-1.2.3.jar;D:\apache-maven-3.6.0\reqacooly\ch\qos\logback\logback-core\1.2.3\logback-core-1.2.3.jar;D:\apache-maven-3.6.0\reqacooly\org\apache\logging\log4j\log4j-to-slf4j\2.13.3\log4j-to-slf4j-2.13.3.jar;D:\apache-maven-3.6.0\reqacooly\org\slf4j\jul-to-slf4j\1.7.30\jul-to-slf4j-1.7.30.jar;D:\apache-maven-3.6.0\reqacooly\org\yaml\snakeyaml\1.26\snakeyaml-1.26.jar;D:\apache-maven-3.6.0\reqacooly\org\springframework\data\spring-data-redis\2.3.7.RELEASE\spring-data-redis-2.3.7.RELEASE.jar;D:\apache-maven-3.6.0\reqacooly\org\springframework\data\spring-data-keyvalue\2.3.7.RELEASE\spring-data-keyvalue-2.3.7.RELEASE.jar;D:\apache-maven-3.6.0\reqacooly\org\springframework\data\spring-data-commons\2.3.7.RELEASE\spring-data-commons-2.3.7.RELEASE.jar;D:\apache-maven-3.6.0\reqacooly\org\springframework\spring-tx\5.2.13.RELEASE\spring-tx-5.2.13.RELEASE.jar;D:\apache-maven-3.6.0\reqacooly\org\springframework\spring-oxm\5.2.13.RELEASE\spring-oxm-5.2.13.RELEASE.jar;D:\apache-maven-3.6.0\reqacooly\org\springframework\spring-aop\5.2.13.RELEASE\spring-aop-5.2.13.RELEASE.jar;D:\apache-maven-3.6.0\reqacooly\org\springframework\spring-context-support\5.2.13.RELEASE\spring-context-support-5.2.13.RELEASE.jar;D:\apache-maven-3.6.0\reqacooly\io\lettuce\lettuce-core\5.3.6.RELEASE\lettuce-core-5.3.6.RELEASE.jar;D:\apache-maven-3.6.0\reqacooly\io\netty\netty-common\4.1.59.Final\netty-common-4.1.59.Final.jar;D:\apache-maven-3.6.0\reqacooly\io\netty\netty-handler\4.1.59.Final\netty-handler-4.1.59.Final.jar;D:\apache-maven-3.6.0\reqacooly\io\netty\netty-resolver\4.1.59.Final\netty-resolver-4.1.59.Final.jar;D:\apache-maven-3.6.0\reqacooly\io\netty\netty-buffer\4.1.59.Final\netty-buffer-4.1.59.Final.jar;D:\apache-maven-3.6.0\reqacooly\io\netty\netty-codec\4.1.59.Final\netty-codec-4.1.59.Final.jar;D:\apache-maven-3.6.0\reqacooly\io\netty\netty-transport\4.1.59.Final\netty-transport-4.1.59.Final.jar;D:\apache-maven-3.6.0\reqacooly\io\projectreactor\reactor-core\3.3.14.RELEASE\reactor-core-3.3.14.RELEASE.jar;D:\apache-maven-3.6.0\reqacooly\org\reactivestreams\reactive-streams\1.0.3\reactive-streams-1.0.3.jar;D:\apache-maven-3.6.0\reqacooly\com\maxmind\geoip2\geoip2\2.15.0\geoip2-2.15.0.jar;D:\apache-maven-3.6.0\reqacooly\com\maxmind\db\maxmind-db\2.0.0\maxmind-db-2.0.0.jar;D:\apache-maven-3.6.0\reqacooly\com\fasterxml\jackson\core\jackson-core\2.11.4\jackson-core-2.11.4.jar;D:\apache-maven-3.6.0\reqacooly\com\ipqualityscore\ipqualityscore-java-db-reader\1.0.7\ipqualityscore-java-db-reader-1.0.7.jar;D:\apache-maven-3.6.0\reqacooly\org\springframework\boot\spring-boot-starter-web\2.3.9.RELEASE\spring-boot-starter-web-2.3.9.RELEASE.jar;D:\apache-maven-3.6.0\reqacooly\org\springframework\boot\spring-boot-starter-json\2.3.9.RELEASE\spring-boot-starter-json-2.3.9.RELEASE.jar;D:\apache-maven-3.6.0\reqacooly\com\fasterxml\jackson\datatype\jackson-datatype-jdk8\2.11.4\jackson-datatype-jdk8-2.11.4.jar;D:\apache-maven-3.6.0\reqacooly\com\fasterxml\jackson\datatype\jackson-datatype-jsr310\2.11.4\jackson-datatype-jsr310-2.11.4.jar;D:\apache-maven-3.6.0\reqacooly\com\fasterxml\jackson\module\jackson-module-parameter-names\2.11.4\jackson-module-parameter-names-2.11.4.jar;D:\apache-maven-3.6.0\reqacooly\org\springframework\boot\spring-boot-starter-tomcat\2.3.9.RELEASE\spring-boot-starter-tomcat-2.3.9.RELEASE.jar;D:\apache-maven-3.6.0\reqacooly\org\apache\tomcat\embed\tomcat-embed-core\9.0.43\tomcat-embed-core-9.0.43.jar;D:\apache-maven-3.6.0\reqacooly\org\glassfish\jakarta.el\3.0.3\jakarta.el-3.0.3.jar;D:\apache-maven-3.6.0\reqacooly\org\apache\tomcat\embed\tomcat-embed-websocket\9.0.43\tomcat-embed-websocket-9.0.43.jar;D:\apache-maven-3.6.0\reqacooly\org\springframework\spring-web\5.2.13.RELEASE\spring-web-5.2.13.RELEASE.jar;D:\apache-maven-3.6.0\reqacooly\org\springframework\spring-beans\5.2.13.RELEASE\spring-beans-5.2.13.RELEASE.jar;D:\apache-maven-3.6.0\reqacooly\org\springframework\spring-webmvc\5.2.13.RELEASE\spring-webmvc-5.2.13.RELEASE.jar;D:\apache-maven-3.6.0\reqacooly\org\springframework\spring-context\5.2.13.RELEASE\spring-context-5.2.13.RELEASE.jar;D:\apache-maven-3.6.0\reqacooly\org\springframework\spring-expression\5.2.13.RELEASE\spring-expression-5.2.13.RELEASE.jar;D:\apache-maven-3.6.0\reqacooly\com\baomidou\mybatis-plus-boot-starter\3.4.2\mybatis-plus-boot-starter-3.4.2.jar;D:\apache-maven-3.6.0\reqacooly\com\baomidou\mybatis-plus\3.4.2\mybatis-plus-3.4.2.jar;D:\apache-maven-3.6.0\reqacooly\com\baomidou\mybatis-plus-extension\3.4.2\mybatis-plus-extension-3.4.2.jar;D:\apache-maven-3.6.0\reqacooly\com\baomidou\mybatis-plus-core\3.4.2\mybatis-plus-core-3.4.2.jar;D:\apache-maven-3.6.0\reqacooly\com\baomidou\mybatis-plus-annotation\3.4.2\mybatis-plus-annotation-3.4.2.jar;D:\apache-maven-3.6.0\reqacooly\com\github\jsqlparser\jsqlparser\4.0\jsqlparser-4.0.jar;D:\apache-maven-3.6.0\reqacooly\org\mybatis\mybatis\3.5.6\mybatis-3.5.6.jar;D:\apache-maven-3.6.0\reqacooly\org\mybatis\mybatis-spring\2.0.5\mybatis-spring-2.0.5.jar;D:\apache-maven-3.6.0\reqacooly\org\springframework\boot\spring-boot-autoconfigure\2.3.9.RELEASE\spring-boot-autoconfigure-2.3.9.RELEASE.jar;D:\apache-maven-3.6.0\reqacooly\org\springframework\boot\spring-boot-starter-jdbc\2.3.9.RELEASE\spring-boot-starter-jdbc-2.3.9.RELEASE.jar;D:\apache-maven-3.6.0\reqacooly\com\zaxxer\HikariCP\3.4.5\HikariCP-3.4.5.jar;D:\apache-maven-3.6.0\reqacooly\org\springframework\spring-jdbc\5.2.13.RELEASE\spring-jdbc-5.2.13.RELEASE.jar;D:\apache-maven-3.6.0\reqacooly\commons-io\commons-io\2.13.0\commons-io-2.13.0.jar;D:\apache-maven-3.6.0\reqacooly\mysql\mysql-connector-java\8.0.23\mysql-connector-java-8.0.23.jar;D:\apache-maven-3.6.0\reqacooly\org\projectlombok\lombok\1.18.18\lombok-1.18.18.jar;D:\apache-maven-3.6.0\reqacooly\org\springframework\boot\spring-boot-starter-test\2.3.9.RELEASE\spring-boot-starter-test-2.3.9.RELEASE.jar;D:\apache-maven-3.6.0\reqacooly\org\springframework\boot\spring-boot-test\2.3.9.RELEASE\spring-boot-test-2.3.9.RELEASE.jar;D:\apache-maven-3.6.0\reqacooly\org\springframework\boot\spring-boot-test-autoconfigure\2.3.9.RELEASE\spring-boot-test-autoconfigure-2.3.9.RELEASE.jar;D:\apache-maven-3.6.0\reqacooly\com\jayway\jsonpath\json-path\2.4.0\json-path-2.4.0.jar;D:\apache-maven-3.6.0\reqacooly\net\minidev\json-smart\2.3\json-smart-2.3.jar;D:\apache-maven-3.6.0\reqacooly\net\minidev\accessors-smart\1.2\accessors-smart-1.2.jar;D:\apache-maven-3.6.0\reqacooly\org\ow2\asm\asm\5.0.4\asm-5.0.4.jar;D:\apache-maven-3.6.0\reqacooly\jakarta\xml\bind\jakarta.xml.bind-api\2.3.3\jakarta.xml.bind-api-2.3.3.jar;D:\apache-maven-3.6.0\reqacooly\jakarta\activation\jakarta.activation-api\1.2.2\jakarta.activation-api-1.2.2.jar;D:\apache-maven-3.6.0\reqacooly\org\assertj\assertj-core\3.16.1\assertj-core-3.16.1.jar;D:\apache-maven-3.6.0\reqacooly\org\hamcrest\hamcrest\2.2\hamcrest-2.2.jar;D:\apache-maven-3.6.0\reqacooly\org\junit\jupiter\junit-jupiter\5.6.3\junit-jupiter-5.6.3.jar;D:\apache-maven-3.6.0\reqacooly\org\junit\jupiter\junit-jupiter-api\5.6.3\junit-jupiter-api-5.6.3.jar;D:\apache-maven-3.6.0\reqacooly\org\apiguardian\apiguardian-api\1.1.0\apiguardian-api-1.1.0.jar;D:\apache-maven-3.6.0\reqacooly\org\opentest4j\opentest4j\1.2.0\opentest4j-1.2.0.jar;D:\apache-maven-3.6.0\reqacooly\org\junit\platform\junit-platform-commons\1.6.3\junit-platform-commons-1.6.3.jar;D:\apache-maven-3.6.0\reqacooly\org\junit\jupiter\junit-jupiter-params\5.6.3\junit-jupiter-params-5.6.3.jar;D:\apache-maven-3.6.0\reqacooly\org\junit\jupiter\junit-jupiter-engine\5.6.3\junit-jupiter-engine-5.6.3.jar;D:\apache-maven-3.6.0\reqacooly\org\junit\platform\junit-platform-engine\1.6.3\junit-platform-engine-1.6.3.jar;D:\apache-maven-3.6.0\reqacooly\org\mockito\mockito-core\3.3.3\mockito-core-3.3.3.jar;D:\apache-maven-3.6.0\reqacooly\net\bytebuddy\byte-buddy\1.10.20\byte-buddy-1.10.20.jar;D:\apache-maven-3.6.0\reqacooly\net\bytebuddy\byte-buddy-agent\1.10.20\byte-buddy-agent-1.10.20.jar;D:\apache-maven-3.6.0\reqacooly\org\objenesis\objenesis\2.6\objenesis-2.6.jar;D:\apache-maven-3.6.0\reqacooly\org\mockito\mockito-junit-jupiter\3.3.3\mockito-junit-jupiter-3.3.3.jar;D:\apache-maven-3.6.0\reqacooly\org\skyscreamer\jsonassert\1.5.0\jsonassert-1.5.0.jar;D:\apache-maven-3.6.0\reqacooly\com\vaadin\external\google\android-json\0.0.20131108.vaadin1\android-json-0.0.20131108.vaadin1.jar;D:\apache-maven-3.6.0\reqacooly\org\springframework\spring-core\5.2.13.RELEASE\spring-core-5.2.13.RELEASE.jar;D:\apache-maven-3.6.0\reqacooly\org\springframework\spring-jcl\5.2.13.RELEASE\spring-jcl-5.2.13.RELEASE.jar;D:\apache-maven-3.6.0\reqacooly\org\springframework\spring-test\5.2.13.RELEASE\spring-test-5.2.13.RELEASE.jar;D:\apache-maven-3.6.0\reqacooly\org\xmlunit\xmlunit-core\2.7.0\xmlunit-core-2.7.0.jar;D:\apache-maven-3.6.0\reqacooly\com\alibaba\fastjson\1.2.71\fastjson-1.2.71.jar;D:\apache-maven-3.6.0\reqacooly\org\apache\commons\commons-lang3\3.10\commons-lang3-3.10.jar;"/>
    <property name="java.vm.vendor" value="Oracle Corporation"/>
    <property name="sun.arch.data.model" value="64"/>
    <property name="user.variant" value=""/>
    <property name="java.vendor.url" value="http://java.oracle.com/"/>
    <property name="user.timezone" value="Asia/Shanghai"/>
    <property name="java.vm.specification.version" value="1.8"/>
    <property name="os.name" value="Windows 10"/>
    <property name="user.country" value="CN"/>
    <property name="sun.java.launcher" value="SUN_STANDARD"/>
    <property name="sun.boot.library.path" value="D:\jdk\jre\bin"/>
    <property name="sun.java.command" value="C:\Users\1\AppData\Local\Temp\surefire6379584362672470661\surefirebooter702912258161297813.jar C:\Users\1\AppData\Local\Temp\surefire6379584362672470661 2024-10-25T01-39-07_091-jvmRun1 surefire5052940026482725929tmp surefire_02653129433084455912tmp"/>
    <property name="surefire.test.class.path" value="D:\code\hotel-demo\target\test-classes;D:\code\hotel-demo\target\classes;D:\apache-maven-3.6.0\reqacooly\org\telegram\telegrambots-meta\5.1.0\telegrambots-meta-5.1.0.jar;D:\apache-maven-3.6.0\reqacooly\com\fasterxml\jackson\core\jackson-databind\2.11.4\jackson-databind-2.11.4.jar;D:\apache-maven-3.6.0\reqacooly\com\fasterxml\jackson\core\jackson-annotations\2.11.4\jackson-annotations-2.11.4.jar;D:\apache-maven-3.6.0\reqacooly\com\google\guava\guava\30.0-jre\guava-30.0-jre.jar;D:\apache-maven-3.6.0\reqacooly\com\google\guava\failureaccess\1.0.1\failureaccess-1.0.1.jar;D:\apache-maven-3.6.0\reqacooly\com\google\guava\listenablefuture\9999.0-empty-to-avoid-conflict-with-guava\listenablefuture-9999.0-empty-to-avoid-conflict-with-guava.jar;D:\apache-maven-3.6.0\reqacooly\com\google\code\findbugs\jsr305\3.0.2\jsr305-3.0.2.jar;D:\apache-maven-3.6.0\reqacooly\org\checkerframework\checker-qual\3.5.0\checker-qual-3.5.0.jar;D:\apache-maven-3.6.0\reqacooly\com\google\errorprone\error_prone_annotations\2.3.4\error_prone_annotations-2.3.4.jar;D:\apache-maven-3.6.0\reqacooly\com\google\j2objc\j2objc-annotations\1.3\j2objc-annotations-1.3.jar;D:\apache-maven-3.6.0\reqacooly\org\slf4j\slf4j-api\1.7.30\slf4j-api-1.7.30.jar;D:\apache-maven-3.6.0\reqacooly\org\telegram\telegrambots\6.8.0\telegrambots-6.8.0.jar;D:\apache-maven-3.6.0\reqacooly\com\fasterxml\jackson\jaxrs\jackson-jaxrs-json-provider\2.11.4\jackson-jaxrs-json-provider-2.11.4.jar;D:\apache-maven-3.6.0\reqacooly\com\fasterxml\jackson\jaxrs\jackson-jaxrs-base\2.11.4\jackson-jaxrs-base-2.11.4.jar;D:\apache-maven-3.6.0\reqacooly\com\fasterxml\jackson\module\jackson-module-jaxb-annotations\2.11.4\jackson-module-jaxb-annotations-2.11.4.jar;D:\apache-maven-3.6.0\reqacooly\org\glassfish\jersey\inject\jersey-hk2\2.30.1\jersey-hk2-2.30.1.jar;D:\apache-maven-3.6.0\reqacooly\org\glassfish\jersey\core\jersey-common\2.30.1\jersey-common-2.30.1.jar;D:\apache-maven-3.6.0\reqacooly\org\glassfish\hk2\osgi-resource-locator\1.0.3\osgi-resource-locator-1.0.3.jar;D:\apache-maven-3.6.0\reqacooly\org\glassfish\hk2\hk2-locator\2.6.1\hk2-locator-2.6.1.jar;D:\apache-maven-3.6.0\reqacooly\org\glassfish\hk2\external\aopalliance-repackaged\2.6.1\aopalliance-repackaged-2.6.1.jar;D:\apache-maven-3.6.0\reqacooly\org\glassfish\hk2\hk2-api\2.6.1\hk2-api-2.6.1.jar;D:\apache-maven-3.6.0\reqacooly\org\glassfish\hk2\hk2-utils\2.6.1\hk2-utils-2.6.1.jar;D:\apache-maven-3.6.0\reqacooly\org\javassist\javassist\3.25.0-GA\javassist-3.25.0-GA.jar;D:\apache-maven-3.6.0\reqacooly\org\glassfish\jersey\media\jersey-media-json-jackson\2.30.1\jersey-media-json-jackson-2.30.1.jar;D:\apache-maven-3.6.0\reqacooly\org\glassfish\jersey\ext\jersey-entity-filtering\2.30.1\jersey-entity-filtering-2.30.1.jar;D:\apache-maven-3.6.0\reqacooly\org\glassfish\jersey\containers\jersey-container-grizzly2-http\2.30.1\jersey-container-grizzly2-http-2.30.1.jar;D:\apache-maven-3.6.0\reqacooly\org\glassfish\hk2\external\jakarta.inject\2.6.1\jakarta.inject-2.6.1.jar;D:\apache-maven-3.6.0\reqacooly\org\glassfish\grizzly\grizzly-http-server\2.4.4\grizzly-http-server-2.4.4.jar;D:\apache-maven-3.6.0\reqacooly\org\glassfish\grizzly\grizzly-http\2.4.4\grizzly-http-2.4.4.jar;D:\apache-maven-3.6.0\reqacooly\org\glassfish\grizzly\grizzly-framework\2.4.4\grizzly-framework-2.4.4.jar;D:\apache-maven-3.6.0\reqacooly\jakarta\ws\rs\jakarta.ws.rs-api\2.1.6\jakarta.ws.rs-api-2.1.6.jar;D:\apache-maven-3.6.0\reqacooly\org\glassfish\jersey\core\jersey-server\2.30.1\jersey-server-2.30.1.jar;D:\apache-maven-3.6.0\reqacooly\org\glassfish\jersey\core\jersey-client\2.30.1\jersey-client-2.30.1.jar;D:\apache-maven-3.6.0\reqacooly\org\glassfish\jersey\media\jersey-media-jaxb\2.30.1\jersey-media-jaxb-2.30.1.jar;D:\apache-maven-3.6.0\reqacooly\jakarta\annotation\jakarta.annotation-api\1.3.5\jakarta.annotation-api-1.3.5.jar;D:\apache-maven-3.6.0\reqacooly\jakarta\validation\jakarta.validation-api\2.0.2\jakarta.validation-api-2.0.2.jar;D:\apache-maven-3.6.0\reqacooly\org\apache\httpcomponents\httpmime\4.5.13\httpmime-4.5.13.jar;D:\apache-maven-3.6.0\reqacooly\com\google\code\gson\gson\2.8.6\gson-2.8.6.jar;D:\apache-maven-3.6.0\reqacooly\org\apache\httpcomponents\httpclient\4.5.13\httpclient-4.5.13.jar;D:\apache-maven-3.6.0\reqacooly\org\apache\httpcomponents\httpcore\4.4.14\httpcore-4.4.14.jar;D:\apache-maven-3.6.0\reqacooly\commons-codec\commons-codec\1.14\commons-codec-1.14.jar;D:\apache-maven-3.6.0\reqacooly\org\apache\poi\poi-ooxml\5.2.4\poi-ooxml-5.2.4.jar;D:\apache-maven-3.6.0\reqacooly\org\apache\poi\poi\5.2.4\poi-5.2.4.jar;D:\apache-maven-3.6.0\reqacooly\org\apache\commons\commons-math3\3.6.1\commons-math3-3.6.1.jar;D:\apache-maven-3.6.0\reqacooly\com\zaxxer\SparseBitSet\1.3\SparseBitSet-1.3.jar;D:\apache-maven-3.6.0\reqacooly\org\apache\poi\poi-ooxml-lite\5.2.4\poi-ooxml-lite-5.2.4.jar;D:\apache-maven-3.6.0\reqacooly\org\apache\xmlbeans\xmlbeans\5.1.1\xmlbeans-5.1.1.jar;D:\apache-maven-3.6.0\reqacooly\xml-apis\xml-apis\1.4.01\xml-apis-1.4.01.jar;D:\apache-maven-3.6.0\reqacooly\org\apache\commons\commons-compress\1.24.0\commons-compress-1.24.0.jar;D:\apache-maven-3.6.0\reqacooly\com\github\virtuald\curvesapi\1.08\curvesapi-1.08.jar;D:\apache-maven-3.6.0\reqacooly\org\apache\logging\log4j\log4j-api\2.13.3\log4j-api-2.13.3.jar;D:\apache-maven-3.6.0\reqacooly\org\apache\commons\commons-collections4\4.4\commons-collections4-4.4.jar;D:\apache-maven-3.6.0\reqacooly\org\json\json\20210307\json-20210307.jar;D:\apache-maven-3.6.0\reqacooly\org\elasticsearch\client\elasticsearch-rest-high-level-client\7.12.1\elasticsearch-rest-high-level-client-7.12.1.jar;D:\apache-maven-3.6.0\reqacooly\org\elasticsearch\elasticsearch\7.12.1\elasticsearch-7.12.1.jar;D:\apache-maven-3.6.0\reqacooly\org\elasticsearch\elasticsearch-core\7.12.1\elasticsearch-core-7.12.1.jar;D:\apache-maven-3.6.0\reqacooly\org\elasticsearch\elasticsearch-secure-sm\7.12.1\elasticsearch-secure-sm-7.12.1.jar;D:\apache-maven-3.6.0\reqacooly\org\elasticsearch\elasticsearch-x-content\7.12.1\elasticsearch-x-content-7.12.1.jar;D:\apache-maven-3.6.0\reqacooly\com\fasterxml\jackson\dataformat\jackson-dataformat-smile\2.11.4\jackson-dataformat-smile-2.11.4.jar;D:\apache-maven-3.6.0\reqacooly\com\fasterxml\jackson\dataformat\jackson-dataformat-yaml\2.11.4\jackson-dataformat-yaml-2.11.4.jar;D:\apache-maven-3.6.0\reqacooly\com\fasterxml\jackson\dataformat\jackson-dataformat-cbor\2.11.4\jackson-dataformat-cbor-2.11.4.jar;D:\apache-maven-3.6.0\reqacooly\org\elasticsearch\elasticsearch-geo\7.12.1\elasticsearch-geo-7.12.1.jar;D:\apache-maven-3.6.0\reqacooly\org\apache\lucene\lucene-core\8.8.0\lucene-core-8.8.0.jar;D:\apache-maven-3.6.0\reqacooly\org\apache\lucene\lucene-analyzers-common\8.8.0\lucene-analyzers-common-8.8.0.jar;D:\apache-maven-3.6.0\reqacooly\org\apache\lucene\lucene-backward-codecs\8.8.0\lucene-backward-codecs-8.8.0.jar;D:\apache-maven-3.6.0\reqacooly\org\apache\lucene\lucene-grouping\8.8.0\lucene-grouping-8.8.0.jar;D:\apache-maven-3.6.0\reqacooly\org\apache\lucene\lucene-highlighter\8.8.0\lucene-highlighter-8.8.0.jar;D:\apache-maven-3.6.0\reqacooly\org\apache\lucene\lucene-join\8.8.0\lucene-join-8.8.0.jar;D:\apache-maven-3.6.0\reqacooly\org\apache\lucene\lucene-memory\8.8.0\lucene-memory-8.8.0.jar;D:\apache-maven-3.6.0\reqacooly\org\apache\lucene\lucene-misc\8.8.0\lucene-misc-8.8.0.jar;D:\apache-maven-3.6.0\reqacooly\org\apache\lucene\lucene-queries\8.8.0\lucene-queries-8.8.0.jar;D:\apache-maven-3.6.0\reqacooly\org\apache\lucene\lucene-queryparser\8.8.0\lucene-queryparser-8.8.0.jar;D:\apache-maven-3.6.0\reqacooly\org\apache\lucene\lucene-sandbox\8.8.0\lucene-sandbox-8.8.0.jar;D:\apache-maven-3.6.0\reqacooly\org\apache\lucene\lucene-spatial-extras\8.8.0\lucene-spatial-extras-8.8.0.jar;D:\apache-maven-3.6.0\reqacooly\org\apache\lucene\lucene-spatial3d\8.8.0\lucene-spatial3d-8.8.0.jar;D:\apache-maven-3.6.0\reqacooly\org\apache\lucene\lucene-suggest\8.8.0\lucene-suggest-8.8.0.jar;D:\apache-maven-3.6.0\reqacooly\org\elasticsearch\elasticsearch-cli\7.12.1\elasticsearch-cli-7.12.1.jar;D:\apache-maven-3.6.0\reqacooly\net\sf\jopt-simple\jopt-simple\5.0.2\jopt-simple-5.0.2.jar;D:\apache-maven-3.6.0\reqacooly\com\carrotsearch\hppc\0.8.1\hppc-0.8.1.jar;D:\apache-maven-3.6.0\reqacooly\joda-time\joda-time\2.10.4\joda-time-2.10.4.jar;D:\apache-maven-3.6.0\reqacooly\com\tdunning\t-digest\3.2\t-digest-3.2.jar;D:\apache-maven-3.6.0\reqacooly\org\hdrhistogram\HdrHistogram\2.1.9\HdrHistogram-2.1.9.jar;D:\apache-maven-3.6.0\reqacooly\org\elasticsearch\jna\5.7.0-1\jna-5.7.0-1.jar;D:\apache-maven-3.6.0\reqacooly\org\elasticsearch\elasticsearch-plugin-classloader\7.12.1\elasticsearch-plugin-classloader-7.12.1.jar;D:\apache-maven-3.6.0\reqacooly\org\elasticsearch\client\elasticsearch-rest-client\7.12.1\elasticsearch-rest-client-7.12.1.jar;D:\apache-maven-3.6.0\reqacooly\org\apache\httpcomponents\httpasyncclient\4.1.4\httpasyncclient-4.1.4.jar;D:\apache-maven-3.6.0\reqacooly\org\apache\httpcomponents\httpcore-nio\4.4.14\httpcore-nio-4.4.14.jar;D:\apache-maven-3.6.0\reqacooly\org\elasticsearch\plugin\mapper-extras-client\7.12.1\mapper-extras-client-7.12.1.jar;D:\apache-maven-3.6.0\reqacooly\org\elasticsearch\plugin\parent-join-client\7.12.1\parent-join-client-7.12.1.jar;D:\apache-maven-3.6.0\reqacooly\org\elasticsearch\plugin\aggs-matrix-stats-client\7.12.1\aggs-matrix-stats-client-7.12.1.jar;D:\apache-maven-3.6.0\reqacooly\org\elasticsearch\plugin\rank-eval-client\7.12.1\rank-eval-client-7.12.1.jar;D:\apache-maven-3.6.0\reqacooly\org\elasticsearch\plugin\lang-mustache-client\7.12.1\lang-mustache-client-7.12.1.jar;D:\apache-maven-3.6.0\reqacooly\com\github\spullara\mustache\java\compiler\0.9.6\compiler-0.9.6.jar;D:\apache-maven-3.6.0\reqacooly\org\springframework\boot\spring-boot-starter-data-redis\2.3.9.RELEASE\spring-boot-starter-data-redis-2.3.9.RELEASE.jar;D:\apache-maven-3.6.0\reqacooly\org\springframework\boot\spring-boot-starter\2.3.9.RELEASE\spring-boot-starter-2.3.9.RELEASE.jar;D:\apache-maven-3.6.0\reqacooly\org\springframework\boot\spring-boot\2.3.9.RELEASE\spring-boot-2.3.9.RELEASE.jar;D:\apache-maven-3.6.0\reqacooly\org\springframework\boot\spring-boot-starter-logging\2.3.9.RELEASE\spring-boot-starter-logging-2.3.9.RELEASE.jar;D:\apache-maven-3.6.0\reqacooly\ch\qos\logback\logback-classic\1.2.3\logback-classic-1.2.3.jar;D:\apache-maven-3.6.0\reqacooly\ch\qos\logback\logback-core\1.2.3\logback-core-1.2.3.jar;D:\apache-maven-3.6.0\reqacooly\org\apache\logging\log4j\log4j-to-slf4j\2.13.3\log4j-to-slf4j-2.13.3.jar;D:\apache-maven-3.6.0\reqacooly\org\slf4j\jul-to-slf4j\1.7.30\jul-to-slf4j-1.7.30.jar;D:\apache-maven-3.6.0\reqacooly\org\yaml\snakeyaml\1.26\snakeyaml-1.26.jar;D:\apache-maven-3.6.0\reqacooly\org\springframework\data\spring-data-redis\2.3.7.RELEASE\spring-data-redis-2.3.7.RELEASE.jar;D:\apache-maven-3.6.0\reqacooly\org\springframework\data\spring-data-keyvalue\2.3.7.RELEASE\spring-data-keyvalue-2.3.7.RELEASE.jar;D:\apache-maven-3.6.0\reqacooly\org\springframework\data\spring-data-commons\2.3.7.RELEASE\spring-data-commons-2.3.7.RELEASE.jar;D:\apache-maven-3.6.0\reqacooly\org\springframework\spring-tx\5.2.13.RELEASE\spring-tx-5.2.13.RELEASE.jar;D:\apache-maven-3.6.0\reqacooly\org\springframework\spring-oxm\5.2.13.RELEASE\spring-oxm-5.2.13.RELEASE.jar;D:\apache-maven-3.6.0\reqacooly\org\springframework\spring-aop\5.2.13.RELEASE\spring-aop-5.2.13.RELEASE.jar;D:\apache-maven-3.6.0\reqacooly\org\springframework\spring-context-support\5.2.13.RELEASE\spring-context-support-5.2.13.RELEASE.jar;D:\apache-maven-3.6.0\reqacooly\io\lettuce\lettuce-core\5.3.6.RELEASE\lettuce-core-5.3.6.RELEASE.jar;D:\apache-maven-3.6.0\reqacooly\io\netty\netty-common\4.1.59.Final\netty-common-4.1.59.Final.jar;D:\apache-maven-3.6.0\reqacooly\io\netty\netty-handler\4.1.59.Final\netty-handler-4.1.59.Final.jar;D:\apache-maven-3.6.0\reqacooly\io\netty\netty-resolver\4.1.59.Final\netty-resolver-4.1.59.Final.jar;D:\apache-maven-3.6.0\reqacooly\io\netty\netty-buffer\4.1.59.Final\netty-buffer-4.1.59.Final.jar;D:\apache-maven-3.6.0\reqacooly\io\netty\netty-codec\4.1.59.Final\netty-codec-4.1.59.Final.jar;D:\apache-maven-3.6.0\reqacooly\io\netty\netty-transport\4.1.59.Final\netty-transport-4.1.59.Final.jar;D:\apache-maven-3.6.0\reqacooly\io\projectreactor\reactor-core\3.3.14.RELEASE\reactor-core-3.3.14.RELEASE.jar;D:\apache-maven-3.6.0\reqacooly\org\reactivestreams\reactive-streams\1.0.3\reactive-streams-1.0.3.jar;D:\apache-maven-3.6.0\reqacooly\com\maxmind\geoip2\geoip2\2.15.0\geoip2-2.15.0.jar;D:\apache-maven-3.6.0\reqacooly\com\maxmind\db\maxmind-db\2.0.0\maxmind-db-2.0.0.jar;D:\apache-maven-3.6.0\reqacooly\com\fasterxml\jackson\core\jackson-core\2.11.4\jackson-core-2.11.4.jar;D:\apache-maven-3.6.0\reqacooly\com\ipqualityscore\ipqualityscore-java-db-reader\1.0.7\ipqualityscore-java-db-reader-1.0.7.jar;D:\apache-maven-3.6.0\reqacooly\org\springframework\boot\spring-boot-starter-web\2.3.9.RELEASE\spring-boot-starter-web-2.3.9.RELEASE.jar;D:\apache-maven-3.6.0\reqacooly\org\springframework\boot\spring-boot-starter-json\2.3.9.RELEASE\spring-boot-starter-json-2.3.9.RELEASE.jar;D:\apache-maven-3.6.0\reqacooly\com\fasterxml\jackson\datatype\jackson-datatype-jdk8\2.11.4\jackson-datatype-jdk8-2.11.4.jar;D:\apache-maven-3.6.0\reqacooly\com\fasterxml\jackson\datatype\jackson-datatype-jsr310\2.11.4\jackson-datatype-jsr310-2.11.4.jar;D:\apache-maven-3.6.0\reqacooly\com\fasterxml\jackson\module\jackson-module-parameter-names\2.11.4\jackson-module-parameter-names-2.11.4.jar;D:\apache-maven-3.6.0\reqacooly\org\springframework\boot\spring-boot-starter-tomcat\2.3.9.RELEASE\spring-boot-starter-tomcat-2.3.9.RELEASE.jar;D:\apache-maven-3.6.0\reqacooly\org\apache\tomcat\embed\tomcat-embed-core\9.0.43\tomcat-embed-core-9.0.43.jar;D:\apache-maven-3.6.0\reqacooly\org\glassfish\jakarta.el\3.0.3\jakarta.el-3.0.3.jar;D:\apache-maven-3.6.0\reqacooly\org\apache\tomcat\embed\tomcat-embed-websocket\9.0.43\tomcat-embed-websocket-9.0.43.jar;D:\apache-maven-3.6.0\reqacooly\org\springframework\spring-web\5.2.13.RELEASE\spring-web-5.2.13.RELEASE.jar;D:\apache-maven-3.6.0\reqacooly\org\springframework\spring-beans\5.2.13.RELEASE\spring-beans-5.2.13.RELEASE.jar;D:\apache-maven-3.6.0\reqacooly\org\springframework\spring-webmvc\5.2.13.RELEASE\spring-webmvc-5.2.13.RELEASE.jar;D:\apache-maven-3.6.0\reqacooly\org\springframework\spring-context\5.2.13.RELEASE\spring-context-5.2.13.RELEASE.jar;D:\apache-maven-3.6.0\reqacooly\org\springframework\spring-expression\5.2.13.RELEASE\spring-expression-5.2.13.RELEASE.jar;D:\apache-maven-3.6.0\reqacooly\com\baomidou\mybatis-plus-boot-starter\3.4.2\mybatis-plus-boot-starter-3.4.2.jar;D:\apache-maven-3.6.0\reqacooly\com\baomidou\mybatis-plus\3.4.2\mybatis-plus-3.4.2.jar;D:\apache-maven-3.6.0\reqacooly\com\baomidou\mybatis-plus-extension\3.4.2\mybatis-plus-extension-3.4.2.jar;D:\apache-maven-3.6.0\reqacooly\com\baomidou\mybatis-plus-core\3.4.2\mybatis-plus-core-3.4.2.jar;D:\apache-maven-3.6.0\reqacooly\com\baomidou\mybatis-plus-annotation\3.4.2\mybatis-plus-annotation-3.4.2.jar;D:\apache-maven-3.6.0\reqacooly\com\github\jsqlparser\jsqlparser\4.0\jsqlparser-4.0.jar;D:\apache-maven-3.6.0\reqacooly\org\mybatis\mybatis\3.5.6\mybatis-3.5.6.jar;D:\apache-maven-3.6.0\reqacooly\org\mybatis\mybatis-spring\2.0.5\mybatis-spring-2.0.5.jar;D:\apache-maven-3.6.0\reqacooly\org\springframework\boot\spring-boot-autoconfigure\2.3.9.RELEASE\spring-boot-autoconfigure-2.3.9.RELEASE.jar;D:\apache-maven-3.6.0\reqacooly\org\springframework\boot\spring-boot-starter-jdbc\2.3.9.RELEASE\spring-boot-starter-jdbc-2.3.9.RELEASE.jar;D:\apache-maven-3.6.0\reqacooly\com\zaxxer\HikariCP\3.4.5\HikariCP-3.4.5.jar;D:\apache-maven-3.6.0\reqacooly\org\springframework\spring-jdbc\5.2.13.RELEASE\spring-jdbc-5.2.13.RELEASE.jar;D:\apache-maven-3.6.0\reqacooly\commons-io\commons-io\2.13.0\commons-io-2.13.0.jar;D:\apache-maven-3.6.0\reqacooly\mysql\mysql-connector-java\8.0.23\mysql-connector-java-8.0.23.jar;D:\apache-maven-3.6.0\reqacooly\org\projectlombok\lombok\1.18.18\lombok-1.18.18.jar;D:\apache-maven-3.6.0\reqacooly\org\springframework\boot\spring-boot-starter-test\2.3.9.RELEASE\spring-boot-starter-test-2.3.9.RELEASE.jar;D:\apache-maven-3.6.0\reqacooly\org\springframework\boot\spring-boot-test\2.3.9.RELEASE\spring-boot-test-2.3.9.RELEASE.jar;D:\apache-maven-3.6.0\reqacooly\org\springframework\boot\spring-boot-test-autoconfigure\2.3.9.RELEASE\spring-boot-test-autoconfigure-2.3.9.RELEASE.jar;D:\apache-maven-3.6.0\reqacooly\com\jayway\jsonpath\json-path\2.4.0\json-path-2.4.0.jar;D:\apache-maven-3.6.0\reqacooly\net\minidev\json-smart\2.3\json-smart-2.3.jar;D:\apache-maven-3.6.0\reqacooly\net\minidev\accessors-smart\1.2\accessors-smart-1.2.jar;D:\apache-maven-3.6.0\reqacooly\org\ow2\asm\asm\5.0.4\asm-5.0.4.jar;D:\apache-maven-3.6.0\reqacooly\jakarta\xml\bind\jakarta.xml.bind-api\2.3.3\jakarta.xml.bind-api-2.3.3.jar;D:\apache-maven-3.6.0\reqacooly\jakarta\activation\jakarta.activation-api\1.2.2\jakarta.activation-api-1.2.2.jar;D:\apache-maven-3.6.0\reqacooly\org\assertj\assertj-core\3.16.1\assertj-core-3.16.1.jar;D:\apache-maven-3.6.0\reqacooly\org\hamcrest\hamcrest\2.2\hamcrest-2.2.jar;D:\apache-maven-3.6.0\reqacooly\org\junit\jupiter\junit-jupiter\5.6.3\junit-jupiter-5.6.3.jar;D:\apache-maven-3.6.0\reqacooly\org\junit\jupiter\junit-jupiter-api\5.6.3\junit-jupiter-api-5.6.3.jar;D:\apache-maven-3.6.0\reqacooly\org\apiguardian\apiguardian-api\1.1.0\apiguardian-api-1.1.0.jar;D:\apache-maven-3.6.0\reqacooly\org\opentest4j\opentest4j\1.2.0\opentest4j-1.2.0.jar;D:\apache-maven-3.6.0\reqacooly\org\junit\platform\junit-platform-commons\1.6.3\junit-platform-commons-1.6.3.jar;D:\apache-maven-3.6.0\reqacooly\org\junit\jupiter\junit-jupiter-params\5.6.3\junit-jupiter-params-5.6.3.jar;D:\apache-maven-3.6.0\reqacooly\org\junit\jupiter\junit-jupiter-engine\5.6.3\junit-jupiter-engine-5.6.3.jar;D:\apache-maven-3.6.0\reqacooly\org\junit\platform\junit-platform-engine\1.6.3\junit-platform-engine-1.6.3.jar;D:\apache-maven-3.6.0\reqacooly\org\mockito\mockito-core\3.3.3\mockito-core-3.3.3.jar;D:\apache-maven-3.6.0\reqacooly\net\bytebuddy\byte-buddy\1.10.20\byte-buddy-1.10.20.jar;D:\apache-maven-3.6.0\reqacooly\net\bytebuddy\byte-buddy-agent\1.10.20\byte-buddy-agent-1.10.20.jar;D:\apache-maven-3.6.0\reqacooly\org\objenesis\objenesis\2.6\objenesis-2.6.jar;D:\apache-maven-3.6.0\reqacooly\org\mockito\mockito-junit-jupiter\3.3.3\mockito-junit-jupiter-3.3.3.jar;D:\apache-maven-3.6.0\reqacooly\org\skyscreamer\jsonassert\1.5.0\jsonassert-1.5.0.jar;D:\apache-maven-3.6.0\reqacooly\com\vaadin\external\google\android-json\0.0.20131108.vaadin1\android-json-0.0.20131108.vaadin1.jar;D:\apache-maven-3.6.0\reqacooly\org\springframework\spring-core\5.2.13.RELEASE\spring-core-5.2.13.RELEASE.jar;D:\apache-maven-3.6.0\reqacooly\org\springframework\spring-jcl\5.2.13.RELEASE\spring-jcl-5.2.13.RELEASE.jar;D:\apache-maven-3.6.0\reqacooly\org\springframework\spring-test\5.2.13.RELEASE\spring-test-5.2.13.RELEASE.jar;D:\apache-maven-3.6.0\reqacooly\org\xmlunit\xmlunit-core\2.7.0\xmlunit-core-2.7.0.jar;D:\apache-maven-3.6.0\reqacooly\com\alibaba\fastjson\1.2.71\fastjson-1.2.71.jar;D:\apache-maven-3.6.0\reqacooly\org\apache\commons\commons-lang3\3.10\commons-lang3-3.10.jar;"/>
    <property name="sun.cpu.endian" value="little"/>
    <property name="user.home" value="C:\Users\1"/>
    <property name="user.language" value="zh"/>
    <property name="java.specification.vendor" value="Oracle Corporation"/>
    <property name="java.home" value="D:\jdk\jre"/>
    <property name="basedir" value="D:\code\hotel-demo"/>
    <property name="file.separator" value="\"/>
    <property name="line.separator" value="&#10;"/>
    <property name="java.vm.specification.vendor" value="Oracle Corporation"/>
    <property name="java.specification.name" value="Java Platform API Specification"/>
    <property name="java.awt.graphicsenv" value="sun.awt.Win32GraphicsEnvironment"/>
    <property name="surefire.real.class.path" value="C:\Users\1\AppData\Local\Temp\surefire6379584362672470661\surefirebooter702912258161297813.jar"/>
    <property name="sun.boot.class.path" value="D:\jdk\jre\lib\resources.jar;D:\jdk\jre\lib\rt.jar;D:\jdk\jre\lib\sunrsasign.jar;D:\jdk\jre\lib\jsse.jar;D:\jdk\jre\lib\jce.jar;D:\jdk\jre\lib\charsets.jar;D:\jdk\jre\lib\jfr.jar;D:\jdk\jre\classes"/>
    <property name="user.script" value=""/>
    <property name="sun.management.compiler" value="HotSpot 64-Bit Tiered Compilers"/>
    <property name="java.runtime.version" value="1.8.0_301-b09"/>
    <property name="user.name" value="RYZ"/>
    <property name="path.separator" value=";"/>
    <property name="os.version" value="10.0"/>
    <property name="java.endorsed.dirs" value="D:\jdk\jre\lib\endorsed"/>
    <property name="java.runtime.name" value="Java(TM) SE Runtime Environment"/>
    <property name="file.encoding" value="GBK"/>
    <property name="java.vm.name" value="Java HotSpot(TM) 64-Bit Server VM"/>
    <property name="localRepository" value="D:\apache-maven-3.6.0\reqacooly"/>
    <property name="java.vendor.url.bug" value="http://bugreport.sun.com/bugreport/"/>
    <property name="java.io.tmpdir" value="C:\Users\1\AppData\Local\Temp\"/>
    <property name="idea.version" value="2023.3.4"/>
    <property name="java.version" value="1.8.0_301"/>
    <property name="user.dir" value="D:\code\hotel-demo"/>
    <property name="os.arch" value="amd64"/>
    <property name="java.vm.specification.name" value="Java Virtual Machine Specification"/>
    <property name="java.awt.printerjob" value="sun.awt.windows.WPrinterJob"/>
    <property name="sun.os.patch.level" value=""/>
    <property name="java.library.path" value="D:\jdk\jre\bin;C:\Windows\Sun\Java\bin;C:\Windows\system32;C:\Windows;C:\Program Files (x86)\Common Files\Oracle\Java\java8path;C:\Program Files (x86)\Common Files\Oracle\Java\javapath;C:\Windows\system32;C:\Windows;C:\Windows\System32\Wbem;C:\Windows\System32\WindowsPowerShell\v1.0\;C:\Windows\System32\OpenSSH\;C:\Program Files (x86)\NVIDIA Corporation\PhysX\Common;D:\node\;C:\Program Files\Git\cmd;C:\Users\1\AppData\Local\Programs\Python\Python37\Scripts\;C:\Users\1\AppData\Local\Programs\Python\Python37\;C:\Users\1\AppData\Local\Microsoft\WindowsApps;D:\apache-maven-3.6.0\bin;D:\jdk\bin;C:\Users\1\AppData\Roaming\npm;D:\mysql\server\bin;D:\cpolar\;D:\vscode\Microsoft VS Code\bin;D:\idea2021\IntelliJ IDEA 2023.3.4\bin;;."/>
    <property name="java.vm.info" value="mixed mode"/>
    <property name="java.vendor" value="Oracle Corporation"/>
    <property name="java.vm.version" value="25.301-b09"/>
    <property name="java.ext.dirs" value="D:\jdk\jre\lib\ext;C:\Windows\Sun\Java\lib\ext"/>
    <property name="sun.io.unicode.encoding" value="UnicodeLittle"/>
    <property name="maven.repo.local" value="D:\apache-maven-3.6.0\reqacooly"/>
    <property name="java.class.version" value="52.0"/>
  </properties>
  <testcase name="contextLoads" classname="cn.itcast.hotel.HotelDemoApplicationTests" time="0.191"/>
</testsuite>